2024-12-03 17:31:06 - root - INFO - All data Loaded successfulyy
2024-12-03 17:31:14 - root - INFO - order_products and order data merged successfully
2024-12-03 17:32:19 - src.Customer_Segmentation - INFO - Training set size: 324344 rows
2024-12-03 17:32:19 - src.Customer_Segmentation - INFO - Testing set size: 32110145 rows
2024-12-03 17:32:19 - src.Customer_Segmentation - INFO - User ID distribution in training set
2024-12-03 17:32:19 - src.Customer_Segmentation - INFO - user_id
201268    0.000114
129928    0.000111
164055    0.000096
33731     0.000089
176478    0.000089
            ...   
77853     0.000003
92756     0.000003
100822    0.000003
120602    0.000003
37156     0.000003
Name: proportion, Length: 143811, dtype: float64
2024-12-03 17:32:19 - src.Customer_Segmentation - INFO - User ID distribution in training set:
2024-12-03 17:32:21 - src.Customer_Segmentation - INFO - user_id
201268    1.148547e-04
129928    1.121764e-04
164055    9.436270e-05
186704    9.053214e-05
176478    9.006499e-05
              ...     
98654     9.342842e-08
22226     9.342842e-08
170850    9.342842e-08
204913    9.342842e-08
49581     9.342842e-08
Name: proportion, Length: 206209, dtype: float64
2024-12-03 17:33:51 - src.Customer_Segmentation - INFO - [[ 1.05945442e-01 -7.37238164e-02  1.74559875e-02  3.85771193e-03
   1.73812008e-03 -4.59828933e-03 -9.50564425e-04  1.23469318e-03
  -1.40167448e-04  7.96416796e-04]
 [-7.44174445e-02 -1.09790559e-02 -2.69305212e-02 -6.83713859e-03
  -6.87493009e-03  1.44485558e-03  5.33166010e-04 -2.56723555e-03
  -3.04690225e-04 -4.16071309e-04]
 [ 6.62711553e-02  1.03658617e-01 -1.45585060e-03 -3.09569594e-02
  -1.01030566e-02  7.48744456e-03 -6.04860492e-04  4.56341314e-03
  -7.77830157e-04 -1.34812946e-04]
 [-5.80775549e-03  1.31380218e-01  4.95493021e-03  2.30260766e-01
   1.09694296e-01 -2.30295181e-02  8.96723647e-05 -6.46098668e-03
   7.89529501e-03  2.90019581e-03]
 [-1.99487857e-01  1.60956891e-02  3.20324810e-01 -3.15853796e-02
   1.90352172e-02  7.87869177e-04  4.29941084e-03  1.10074237e-02
   9.78477593e-04 -3.92968502e-03]]
