2024-12-03 17:36:50 - root - INFO - All data Loaded successfulyy
2024-12-03 17:36:57 - root - INFO - order_products and order data merged successfully
2024-12-03 17:37:59 - src.Customer_Segmentation - INFO - Training set size: 324344 rows
2024-12-03 17:37:59 - src.Customer_Segmentation - INFO - Testing set size: 32110145 rows
2024-12-03 17:37:59 - src.Customer_Segmentation - INFO - User ID distribution in training set
2024-12-03 17:37:59 - src.Customer_Segmentation - INFO - user_id
201268    0.000114
129928    0.000111
164055    0.000096
33731     0.000089
176478    0.000089
            ...   
77853     0.000003
92756     0.000003
100822    0.000003
120602    0.000003
37156     0.000003
Name: proportion, Length: 143811, dtype: float64
2024-12-03 17:37:59 - src.Customer_Segmentation - INFO - User ID distribution in training set:
2024-12-03 17:38:00 - src.Customer_Segmentation - INFO - user_id
201268    1.148547e-04
129928    1.121764e-04
164055    9.436270e-05
186704    9.053214e-05
176478    9.006499e-05
              ...     
98654     9.342842e-08
22226     9.342842e-08
170850    9.342842e-08
204913    9.342842e-08
49581     9.342842e-08
Name: proportion, Length: 206209, dtype: float64
2024-12-03 17:39:34 - src.Customer_Segmentation - INFO - [[ 1.05997743e-01 -7.38160593e-02  1.74630514e-02  3.88347002e-03
   1.74020977e-03 -4.60580539e-03 -9.53001846e-04  1.23535676e-03
  -1.37099243e-04  8.10767852e-04]
 [-7.44616454e-02 -1.10181940e-02 -2.69277980e-02 -6.81310867e-03
  -6.89655551e-03  1.43386711e-03  5.32414501e-04 -2.57543427e-03
  -2.97992385e-04 -4.19093849e-04]
 [-1.99558380e-01  1.60723512e-02  3.20441332e-01 -3.15850417e-02
   1.90484174e-02  7.58575259e-04  4.31116511e-03  1.10095879e-02
   1.04074355e-03 -3.93656464e-03]
 [-5.76518939e-03  1.31410447e-01  4.95169204e-03  2.30209628e-01
   1.09664973e-01 -2.30138534e-02  8.68709534e-05 -6.45680987e-03
   7.89118421e-03  2.95759481e-03]
 [ 6.61587748e-02  1.03403588e-01 -1.45843025e-03 -3.09692512e-02
  -1.00282911e-02  7.49872695e-03 -5.99090238e-04  4.56768699e-03
  -8.05444062e-04 -1.57687343e-04]]
