2024-12-03 17:17:12 - root - INFO -    order_id  product_id  add_to_cart_order  reordered  user_id eval_set  ...  order_dow  order_hour_of_day  days_since_prior_order           product_name aisle_id  department_id
0         2       33120                  1          1   202279    prior  ...          5                  9                     8.0     Organic Egg Whites       86             16
1         2       28985                  2          1   202279    prior  ...          5                  9                     8.0  Michigan Organic Kale       83              4
2         2        9327                  3          0   202279    prior  ...          5                  9                     8.0          Garlic Powder      104             13
3         2       45918                  4          1   202279    prior  ...          5                  9                     8.0         Coconut Butter       19             13
4         2       30035                  5          0   202279    prior  ...          5                  9                     8.0      Natural Sweetener       17             13

[5 rows x 13 columns]
2024-12-03 17:17:59 - src.Customer_Segmentation - INFO - Training set size: 324344 rows
2024-12-03 17:17:59 - src.Customer_Segmentation - INFO - Testing set size: 32110145 rows
2024-12-03 17:17:59 - src.Customer_Segmentation - INFO - User ID distribution in training set
2024-12-03 17:17:59 - src.Customer_Segmentation - INFO - user_id
201268    0.000114
129928    0.000111
164055    0.000096
33731     0.000089
176478    0.000089
            ...   
77853     0.000003
92756     0.000003
100822    0.000003
120602    0.000003
37156     0.000003
Name: proportion, Length: 143811, dtype: float64
2024-12-03 17:17:59 - src.Customer_Segmentation - INFO - User ID distribution in training set:
2024-12-03 17:18:01 - src.Customer_Segmentation - INFO - user_id
201268    1.148547e-04
129928    1.121764e-04
164055    9.436270e-05
186704    9.053214e-05
176478    9.006499e-05
              ...     
98654     9.342842e-08
22226     9.342842e-08
170850    9.342842e-08
204913    9.342842e-08
49581     9.342842e-08
Name: proportion, Length: 206209, dtype: float64
2024-12-03 17:19:27 - src.Customer_Segmentation - INFO - [[ 1.05942674e-01 -7.37221720e-02  1.74542984e-02  3.85703075e-03
   1.73777057e-03 -4.59768957e-03 -9.51417108e-04  1.23367675e-03
  -1.30276512e-04  8.02537732e-04]
 [-7.44183680e-02 -1.09774740e-02 -2.69322576e-02 -6.83554523e-03
  -6.87471881e-03  1.44332040e-03  5.33576343e-04 -2.56617968e-03
  -3.11551178e-04 -4.18316998e-04]
 [ 6.62711553e-02  1.03658617e-01 -1.45585228e-03 -3.09569636e-02
  -1.01031331e-02  7.48751166e-03 -6.04908288e-04  4.56320670e-03
  -7.79640854e-04 -1.31726681e-04]
 [-5.80484969e-03  1.31388237e-01  4.95919719e-03  2.30275469e-01
   1.09704948e-01 -2.30225235e-02  8.92253246e-05 -6.46457322e-03
   7.88232129e-03  2.87601843e-03]
 [-1.99477688e-01  1.60825207e-02  3.20292284e-01 -3.15845991e-02
   1.90333628e-02  7.96904687e-04  4.30146528e-03  1.10006087e-02
   1.03649517e-03 -3.93734321e-03]]
