2024-12-03 17:06:48 - root - INFO -    order_id  product_id  add_to_cart_order  reordered  user_id eval_set  ...  order_dow  order_hour_of_day  days_since_prior_order           product_name aisle_id  department_id
0         2       33120                  1          1   202279    prior  ...          5                  9                     8.0     Organic Egg Whites       86             16
1         2       28985                  2          1   202279    prior  ...          5                  9                     8.0  Michigan Organic Kale       83              4
2         2        9327                  3          0   202279    prior  ...          5                  9                     8.0          Garlic Powder      104             13
3         2       45918                  4          1   202279    prior  ...          5                  9                     8.0         Coconut Butter       19             13
4         2       30035                  5          0   202279    prior  ...          5                  9                     8.0      Natural Sweetener       17             13

[5 rows x 13 columns]
2024-12-03 17:07:29 - src.Customer_Segmentation - INFO - Training set size: 324344 rows
2024-12-03 17:07:29 - src.Customer_Segmentation - INFO - Testing set size: 32110145 rows
2024-12-03 17:07:29 - src.Customer_Segmentation - INFO - User ID distribution in training set
2024-12-03 17:07:29 - src.Customer_Segmentation - INFO - user_id
201268    0.000114
129928    0.000111
164055    0.000096
33731     0.000089
176478    0.000089
            ...   
77853     0.000003
92756     0.000003
100822    0.000003
120602    0.000003
37156     0.000003
Name: proportion, Length: 143811, dtype: float64
2024-12-03 17:07:29 - src.Customer_Segmentation - INFO - User ID distribution in training set:
2024-12-03 17:07:30 - src.Customer_Segmentation - INFO - user_id
201268    1.148547e-04
129928    1.121764e-04
164055    9.436270e-05
186704    9.053214e-05
176478    9.006499e-05
              ...     
98654     9.342842e-08
22226     9.342842e-08
170850    9.342842e-08
204913    9.342842e-08
49581     9.342842e-08
Name: proportion, Length: 206209, dtype: float64
2024-12-03 17:09:00 - src.Customer_Segmentation - INFO - [[ 1.05939641e-01 -7.37145391e-02  1.74549732e-02  3.85665166e-03
   1.73584563e-03 -4.59692670e-03 -9.47695925e-04  1.23782310e-03
  -1.43373579e-04  7.96208473e-04]
 [-7.44147993e-02 -1.09755337e-02 -2.69329570e-02 -6.83661401e-03
  -6.87487253e-03  1.44299427e-03  5.33531525e-04 -2.56742200e-03
  -3.06262488e-04 -4.17153221e-04]
 [ 6.62757942e-02  1.03677412e-01 -1.45485025e-03 -3.09606740e-02
  -1.01018353e-02  7.48941619e-03 -6.09916717e-04  4.56155419e-03
  -7.75858562e-04 -1.29155527e-04]
 [-5.80484970e-03  1.31388237e-01  4.95919099e-03  2.30275507e-01
   1.09704809e-01 -2.30220392e-02  8.72281201e-05 -6.46533367e-03
   7.90343542e-03  2.90776127e-03]
 [-1.99477688e-01  1.60825206e-02  3.20292286e-01 -3.15846162e-02
   1.90334152e-02  7.96256185e-04  4.30263631e-03  1.10021747e-02
   1.01463913e-03 -3.95995612e-03]]
